Arguments: 
  /usr/local/bin/node /usr/local/Cellar/yarn/1.22.10/libexec/bin/yarn.js run client

PATH: 
  /Library/Frameworks/Python.framework/Versions/3.9/bin:/usr/local/bin:/usr/bin:/bin:/usr/sbin:/sbin:/usr/local/share/dotnet:/opt/X11/bin:~/.dotnet/tools:/Library/Apple/usr/bin:/Library/Frameworks/Mono.framework/Versions/Current/Commands:/Library/Frameworks/Python.framework/Versions/3.9/bin

Yarn version: 
  1.22.10

Node version: 
  14.17.6

Platform: 
  darwin x64

Trace: 
  SyntaxError: /Users/hongjunkim/dev/react-toy-project/local-api/client/package.json: Unexpected string in JSON at position 317
      at JSON.parse (<anonymous>)
      at /usr/local/Cellar/yarn/1.22.10/libexec/lib/cli.js:1625:59
      at Generator.next (<anonymous>)
      at step (/usr/local/Cellar/yarn/1.22.10/libexec/lib/cli.js:310:30)
      at /usr/local/Cellar/yarn/1.22.10/libexec/lib/cli.js:321:13

npm manifest: 
  {
    "name": "client",
    "version": "1.0.0",
    "main": "index.js",
    "license": "MIT",
    "dependencies": {
      "@zeit/next-sass": "^1.0.1",
      "axios": "^0.24.0",
      "next": "^12.0.3",
      "node-sass": "^6.0.1",
      "react": "^17.0.2",
      "react-dom": "^17.0.2"
    },
    "devDependencies": {
      "webpack": "4"
    }
    "scripts": {
      "start": "next"
    }
  }

yarn manifest: 
  No manifest

Lockfile: 
  No lockfile
